[debug] [2026-04-03T19:30:14.922Z] ----------------------------------------------------------------------
[debug] [2026-04-03T19:30:14.924Z] Command:       C:\Program Files\nodejs\node.exe C:\Users\gurud\AppData\Roaming\npm\node_modules\firebase-tools\lib\bin\firebase.js deploy
[debug] [2026-04-03T19:30:14.924Z] CLI Version:   15.13.0
[debug] [2026-04-03T19:30:14.924Z] Platform:      win32
[debug] [2026-04-03T19:30:14.924Z] Node Version:  v24.13.1
[debug] [2026-04-03T19:30:14.924Z] Time:          Sat Apr 04 2026 01:00:14 GMT+0530 (India Standard Time)
[debug] [2026-04-03T19:30:14.924Z] ----------------------------------------------------------------------
[debug] 
[debug] [2026-04-03T19:30:15.882Z] > command requires scopes: ["email","openid","https://www.googleapis.com/auth/cloudplatformprojects.readonly","https://www.googleapis.com/auth/firebase","https://www.googleapis.com/auth/cloud-platform"]
[debug] [2026-04-03T19:30:15.882Z] > authorizing via signed-in user (thewed24@gmail.com)
[debug] [2026-04-03T19:30:15.883Z] [iam] checking project the-wed-24 for permissions ["datastore.indexes.create","datastore.indexes.delete","datastore.indexes.list","datastore.indexes.update","firebase.projects.get","firebasehosting.sites.update","firebaserules.releases.create","firebaserules.releases.update","firebaserules.rulesets.create"]
[debug] [2026-04-03T19:30:15.883Z] Checked if tokens are valid: true, expires at: 1775246404267
[debug] [2026-04-03T19:30:15.883Z] Checked if tokens are valid: true, expires at: 1775246404267
[debug] [2026-04-03T19:30:15.884Z] >>> [apiv2][query] POST https://cloudresourcemanager.googleapis.com/v1/projects/the-wed-24:testIamPermissions [none]
[debug] [2026-04-03T19:30:15.884Z] >>> [apiv2][(partial)header] POST https://cloudresourcemanager.googleapis.com/v1/projects/the-wed-24:testIamPermissions  x-goog-user-project=the-wed-24
[debug] [2026-04-03T19:30:15.884Z] >>> [apiv2][body] POST https://cloudresourcemanager.googleapis.com/v1/projects/the-wed-24:testIamPermissions {"permissions":["datastore.indexes.create","datastore.indexes.delete","datastore.indexes.list","datastore.indexes.update","firebase.projects.get","firebasehosting.sites.update","firebaserules.releases.create","firebaserules.releases.update","firebaserules.rulesets.create"]}
[debug] [2026-04-03T19:30:17.247Z] <<< [apiv2][status] POST https://cloudresourcemanager.googleapis.com/v1/projects/the-wed-24:testIamPermissions 200
[debug] [2026-04-03T19:30:17.247Z] <<< [apiv2][body] POST https://cloudresourcemanager.googleapis.com/v1/projects/the-wed-24:testIamPermissions {"permissions":["datastore.indexes.create","datastore.indexes.delete","datastore.indexes.list","datastore.indexes.update","firebase.projects.get","firebasehosting.sites.update","firebaserules.releases.create","firebaserules.releases.update","firebaserules.rulesets.create"]}
[debug] [2026-04-03T19:30:17.247Z] Checked if tokens are valid: true, expires at: 1775246404267
[debug] [2026-04-03T19:30:17.247Z] Checked if tokens are valid: true, expires at: 1775246404267
[debug] [2026-04-03T19:30:17.247Z] >>> [apiv2][query] GET https://firebase.googleapis.com/v1beta1/projects/the-wed-24 [none]
[debug] [2026-04-03T19:30:17.747Z] <<< [apiv2][status] GET https://firebase.googleapis.com/v1beta1/projects/the-wed-24 200
[debug] [2026-04-03T19:30:17.747Z] <<< [apiv2][body] GET https://firebase.googleapis.com/v1beta1/projects/the-wed-24 {"projectId":"the-wed-24","projectNumber":"605929134316","displayName":"The Wed 24","name":"projects/the-wed-24","resources":{"hostingSite":"the-wed-24"},"state":"ACTIVE","etag":"1_76eda049-03cc-4662-9541-d4b3a0f3d153"}
[info] 
[info] === Deploying to 'the-wed-24'...
[info] 
[info] i  deploying storage, firestore, hosting 
[info] i  storage: ensuring required API firebasestorage.googleapis.com is enabled... 
[debug] [2026-04-03T19:30:17.750Z] Checked if tokens are valid: true, expires at: 1775246404267
[debug] [2026-04-03T19:30:17.750Z] Checked if tokens are valid: true, expires at: 1775246404267
[debug] [2026-04-03T19:30:17.750Z] >>> [apiv2][query] GET https://firebasestorage.googleapis.com/v1alpha/projects/the-wed-24/defaultBucket [none]
[debug] [2026-04-03T19:30:18.466Z] <<< [apiv2][status] GET https://firebasestorage.googleapis.com/v1alpha/projects/the-wed-24/defaultBucket 200
[debug] [2026-04-03T19:30:18.466Z] <<< [apiv2][body] GET https://firebasestorage.googleapis.com/v1alpha/projects/the-wed-24/defaultBucket {"name":"projects/the-wed-24/defaultBucket","location":"US-CENTRAL1","bucket":{"name":"projects/the-wed-24/buckets/the-wed-24.firebasestorage.app"},"storageClass":"REGIONAL"}
[info] i  firebase.storage: checking storage.rules for compilation errors... 
[debug] [2026-04-03T19:30:18.467Z] Checked if tokens are valid: true, expires at: 1775246404267
[debug] [2026-04-03T19:30:18.467Z] Checked if tokens are valid: true, expires at: 1775246404267
[debug] [2026-04-03T19:30:18.467Z] >>> [apiv2][query] POST https://firebaserules.googleapis.com/v1/projects/the-wed-24:test [none]
[debug] [2026-04-03T19:30:18.467Z] >>> [apiv2][body] POST https://firebaserules.googleapis.com/v1/projects/the-wed-24:test [omitted]
[debug] [2026-04-03T19:30:20.000Z] <<< [apiv2][status] POST https://firebaserules.googleapis.com/v1/projects/the-wed-24:test 200
[debug] [2026-04-03T19:30:20.000Z] <<< [apiv2][body] POST https://firebaserules.googleapis.com/v1/projects/the-wed-24:test {}
[info] +  firebase.storage: rules file storage.rules compiled successfully 
[info] i  firestore: ensuring required API firestore.googleapis.com is enabled... 
[info] i  firestore: ensuring required API firestore.googleapis.com is enabled... 
[debug] [2026-04-03T19:30:20.002Z] Checked if tokens are valid: true, expires at: 1775246404267
[debug] [2026-04-03T19:30:20.002Z] Checked if tokens are valid: true, expires at: 1775246404267
[debug] [2026-04-03T19:30:20.002Z] >>> [apiv2][query] GET https://firestore.googleapis.com/v1/projects/the-wed-24/databases/(default) [none]
[debug] [2026-04-03T19:30:20.307Z] <<< [apiv2][status] GET https://firestore.googleapis.com/v1/projects/the-wed-24/databases/(default) 200
[debug] [2026-04-03T19:30:20.307Z] <<< [apiv2][body] GET https://firestore.googleapis.com/v1/projects/the-wed-24/databases/(default) {"name":"projects/the-wed-24/databases/(default)","uid":"2c1e6ba2-5376-4b59-8a99-765888d40627","createTime":"2026-04-03T15:50:54.907335Z","updateTime":"2026-04-03T15:50:54.907335Z","locationId":"asia-south1","type":"FIRESTORE_NATIVE","concurrencyMode":"PESSIMISTIC","versionRetentionPeriod":"3600s","earliestVersionTime":"2026-04-03T18:30:21.135461Z","appEngineIntegrationMode":"DISABLED","keyPrefix":"j","pointInTimeRecoveryEnablement":"POINT_IN_TIME_RECOVERY_DISABLED","deleteProtectionState":"DELETE_PROTECTION_DISABLED","databaseEdition":"STANDARD","freeTier":true,"realtimeUpdatesMode":"REALTIME_UPDATES_MODE_ENABLED","etag":"IKb3oMi10pMDMLHchriG0pMD"}
[info] i  firestore: reading indexes from firestore.indexes.json... 
[info] i  cloud.firestore: checking firestore.rules for compilation errors... 
[debug] [2026-04-03T19:30:20.309Z] Checked if tokens are valid: true, expires at: 1775246404267
[debug] [2026-04-03T19:30:20.309Z] Checked if tokens are valid: true, expires at: 1775246404267
[debug] [2026-04-03T19:30:20.309Z] >>> [apiv2][query] POST https://firebaserules.googleapis.com/v1/projects/the-wed-24:test [none]
[debug] [2026-04-03T19:30:20.309Z] >>> [apiv2][body] POST https://firebaserules.googleapis.com/v1/projects/the-wed-24:test [omitted]
[debug] [2026-04-03T19:30:21.842Z] <<< [apiv2][status] POST https://firebaserules.googleapis.com/v1/projects/the-wed-24:test 200
[debug] [2026-04-03T19:30:21.842Z] <<< [apiv2][body] POST https://firebaserules.googleapis.com/v1/projects/the-wed-24:test {}
[info] +  cloud.firestore: rules file firestore.rules compiled successfully 
[debug] [2026-04-03T19:30:21.844Z] Checked if tokens are valid: true, expires at: 1775246404267
[debug] [2026-04-03T19:30:21.844Z] Checked if tokens are valid: true, expires at: 1775246404267
[debug] [2026-04-03T19:30:21.844Z] >>> [apiv2][query] POST https://firebasehosting.googleapis.com/v1beta1/projects/-/sites/the-wed-24/versions [none]
[debug] [2026-04-03T19:30:21.844Z] >>> [apiv2][body] POST https://firebasehosting.googleapis.com/v1beta1/projects/-/sites/the-wed-24/versions {"status":"CREATED","labels":{"deployment-tool":"cli-firebase"}}
